ERROR - 2021-09-26 16:04:39 --> Unknown column 'controle_estoque' in 'where clause'
CRITICAL - 2021-09-26 16:04:39 --> Unknown column 'controle_estoque' in 'where clause'
#0 C:\xampp\htdocs\ordem\vendor\codeigniter4\framework\system\Database\MySQLi\Connection.php(329): mysqli->query('SELECT *\nFROM `...')
#1 C:\xampp\htdocs\ordem\vendor\codeigniter4\framework\system\Database\BaseConnection.php(732): CodeIgniter\Database\MySQLi\Connection->execute('SELECT *\nFROM `...')
#2 C:\xampp\htdocs\ordem\vendor\codeigniter4\framework\system\Database\BaseConnection.php(647): CodeIgniter\Database\BaseConnection->simpleQuery('SELECT *\nFROM `...')
#3 C:\xampp\htdocs\ordem\vendor\codeigniter4\framework\system\Database\BaseBuilder.php(1881): CodeIgniter\Database\BaseConnection->query('SELECT *\nFROM `...', Array, false)
#4 C:\xampp\htdocs\ordem\vendor\codeigniter4\framework\system\Model.php(197): CodeIgniter\Database\BaseBuilder->get()
#5 C:\xampp\htdocs\ordem\vendor\codeigniter4\framework\system\BaseModel.php(603): CodeIgniter\Model->doFindAll(0, 0)
#6 C:\xampp\htdocs\ordem\app\Controllers\Relatorios.php(39): CodeIgniter\BaseModel->findAll()
#7 C:\xampp\htdocs\ordem\vendor\codeigniter4\framework\system\CodeIgniter.php(928): App\Controllers\Relatorios->gerarRelatorioProdutosEstoqueZerado()
#8 C:\xampp\htdocs\ordem\vendor\codeigniter4\framework\system\CodeIgniter.php(436): CodeIgniter\CodeIgniter->runController(Object(App\Controllers\Relatorios))
#9 C:\xampp\htdocs\ordem\vendor\codeigniter4\framework\system\CodeIgniter.php(336): CodeIgniter\CodeIgniter->handleRequest(NULL, Object(Config\Cache), false)
#10 C:\xampp\htdocs\ordem\public\index.php(37): CodeIgniter\CodeIgniter->run()
#11 C:\xampp\htdocs\ordem\vendor\codeigniter4\framework\system\Commands\Server\rewrite.php(45): require_once('C:\\xampp\\htdocs...')
#12 {main}
ERROR - 2021-09-26 17:35:08 --> You have an error in your SQL syntax; check the manual that corresponds to your MariaDB server version for the right syntax to use near ') AS quantidade
FROM `ordens_itens`
JOIN `itens` ON `itens`.`id` = `ordens_it...' at line 1
CRITICAL - 2021-09-26 17:35:08 --> You have an error in your SQL syntax; check the manual that corresponds to your MariaDB server version for the right syntax to use near ') AS quantidade
FROM `ordens_itens`
JOIN `itens` ON `itens`.`id` = `ordens_it...' at line 1
#0 C:\xampp\htdocs\ordem\vendor\codeigniter4\framework\system\Database\MySQLi\Connection.php(329): mysqli->query('SELECT `itens`....')
#1 C:\xampp\htdocs\ordem\vendor\codeigniter4\framework\system\Database\BaseConnection.php(732): CodeIgniter\Database\MySQLi\Connection->execute('SELECT `itens`....')
#2 C:\xampp\htdocs\ordem\vendor\codeigniter4\framework\system\Database\BaseConnection.php(647): CodeIgniter\Database\BaseConnection->simpleQuery('SELECT `itens`....')
#3 C:\xampp\htdocs\ordem\vendor\codeigniter4\framework\system\Database\BaseBuilder.php(1881): CodeIgniter\Database\BaseConnection->query('SELECT `itens`....', Array, false)
#4 C:\xampp\htdocs\ordem\vendor\codeigniter4\framework\system\Model.php(197): CodeIgniter\Database\BaseBuilder->get()
#5 C:\xampp\htdocs\ordem\vendor\codeigniter4\framework\system\BaseModel.php(603): CodeIgniter\Model->doFindAll(0, 0)
#6 C:\xampp\htdocs\ordem\app\Models\OrdemItemModel.php(81): CodeIgniter\BaseModel->findAll()
#7 C:\xampp\htdocs\ordem\app\Controllers\Relatorios.php(114): App\Models\OrdemItemModel->recuperaItensMaisVendidos('produto', '2021-07-05 17:3...', '2021-09-26 17:3...')
#8 C:\xampp\htdocs\ordem\vendor\codeigniter4\framework\system\CodeIgniter.php(928): App\Controllers\Relatorios->itensMaisVendidos()
#9 C:\xampp\htdocs\ordem\vendor\codeigniter4\framework\system\CodeIgniter.php(436): CodeIgniter\CodeIgniter->runController(Object(App\Controllers\Relatorios))
#10 C:\xampp\htdocs\ordem\vendor\codeigniter4\framework\system\CodeIgniter.php(336): CodeIgniter\CodeIgniter->handleRequest(NULL, Object(Config\Cache), false)
#11 C:\xampp\htdocs\ordem\public\index.php(37): CodeIgniter\CodeIgniter->run()
#12 C:\xampp\htdocs\ordem\vendor\codeigniter4\framework\system\Commands\Server\rewrite.php(45): require_once('C:\\xampp\\htdocs...')
#13 {main}
