CRITICAL - 2021-09-06 14:19:07 --> Trying to get property 'imagem' of non-object
#0 C:\xampp\htdocs\ordem\app\Views\Layout\principal.php(79): CodeIgniter\Debug\Exceptions->errorHandler(8, 'Trying to get p...', 'C:\\xampp\\htdocs...', 79, Array)
#1 C:\xampp\htdocs\ordem\vendor\codeigniter4\framework\system\View\View.php(230): include('C:\\xampp\\htdocs...')
#2 C:\xampp\htdocs\ordem\vendor\codeigniter4\framework\system\View\View.php(232): CodeIgniter\View\View->CodeIgniter\View\{closure}()
#3 C:\xampp\htdocs\ordem\vendor\codeigniter4\framework\system\View\View.php(246): CodeIgniter\View\View->render('Layout/principa...', Array, true)
#4 C:\xampp\htdocs\ordem\vendor\codeigniter4\framework\system\Common.php(1271): CodeIgniter\View\View->render('Ordens/index', Array, true)
#5 C:\xampp\htdocs\ordem\app\Controllers\Ordens.php(27): view('Ordens/index', Array)
#6 C:\xampp\htdocs\ordem\vendor\codeigniter4\framework\system\CodeIgniter.php(928): App\Controllers\Ordens->index()
#7 C:\xampp\htdocs\ordem\vendor\codeigniter4\framework\system\CodeIgniter.php(436): CodeIgniter\CodeIgniter->runController(Object(App\Controllers\Ordens))
#8 C:\xampp\htdocs\ordem\vendor\codeigniter4\framework\system\CodeIgniter.php(336): CodeIgniter\CodeIgniter->handleRequest(NULL, Object(Config\Cache), false)
#9 C:\xampp\htdocs\ordem\public\index.php(37): CodeIgniter\CodeIgniter->run()
#10 C:\xampp\htdocs\ordem\vendor\codeigniter4\framework\system\Commands\Server\rewrite.php(45): require_once('C:\\xampp\\htdocs...')
#11 {main}
CRITICAL - 2021-09-06 15:30:32 --> Arquivo inválido: Ordens/detalhes.php
#0 C:\xampp\htdocs\ordem\vendor\codeigniter4\framework\system\View\View.php(213): CodeIgniter\Exceptions\FrameworkException::forInvalidFile('Ordens/detalhes...')
#1 C:\xampp\htdocs\ordem\vendor\codeigniter4\framework\system\Common.php(1271): CodeIgniter\View\View->render('Ordens/detalhes', Array, true)
#2 C:\xampp\htdocs\ordem\app\Controllers\Ordens.php(88): view('Ordens/detalhes', Array)
#3 C:\xampp\htdocs\ordem\vendor\codeigniter4\framework\system\CodeIgniter.php(928): App\Controllers\Ordens->detalhes('FOGHJ6APCXVZ394...')
#4 C:\xampp\htdocs\ordem\vendor\codeigniter4\framework\system\CodeIgniter.php(436): CodeIgniter\CodeIgniter->runController(Object(App\Controllers\Ordens))
#5 C:\xampp\htdocs\ordem\vendor\codeigniter4\framework\system\CodeIgniter.php(336): CodeIgniter\CodeIgniter->handleRequest(NULL, Object(Config\Cache), false)
#6 C:\xampp\htdocs\ordem\public\index.php(37): CodeIgniter\CodeIgniter->run()
#7 C:\xampp\htdocs\ordem\vendor\codeigniter4\framework\system\Commands\Server\rewrite.php(45): require_once('C:\\xampp\\htdocs...')
#8 {main}
CRITICAL - 2021-09-06 15:31:01 --> Call to undefined method App\Entities\Ordem::exibeTipo()
#0 C:\xampp\htdocs\ordem\vendor\codeigniter4\framework\system\View\View.php(230): include()
#1 C:\xampp\htdocs\ordem\vendor\codeigniter4\framework\system\View\View.php(232): CodeIgniter\View\View->CodeIgniter\View\{closure}()
#2 C:\xampp\htdocs\ordem\vendor\codeigniter4\framework\system\Common.php(1271): CodeIgniter\View\View->render('Ordens/detalhes', Array, true)
#3 C:\xampp\htdocs\ordem\app\Controllers\Ordens.php(88): view('Ordens/detalhes', Array)
#4 C:\xampp\htdocs\ordem\vendor\codeigniter4\framework\system\CodeIgniter.php(928): App\Controllers\Ordens->detalhes('FOGHJ6APCXVZ394...')
#5 C:\xampp\htdocs\ordem\vendor\codeigniter4\framework\system\CodeIgniter.php(436): CodeIgniter\CodeIgniter->runController(Object(App\Controllers\Ordens))
#6 C:\xampp\htdocs\ordem\vendor\codeigniter4\framework\system\CodeIgniter.php(336): CodeIgniter\CodeIgniter->handleRequest(NULL, Object(Config\Cache), false)
#7 C:\xampp\htdocs\ordem\public\index.php(37): CodeIgniter\CodeIgniter->run()
#8 C:\xampp\htdocs\ordem\vendor\codeigniter4\framework\system\Commands\Server\rewrite.php(45): require_once('C:\\xampp\\htdocs...')
#9 {main}
CRITICAL - 2021-09-06 17:13:58 --> Argument 2 passed to CodeIgniter\Database\BaseBuilder::like() must be of the type string, null given, called in C:\xampp\htdocs\ordem\vendor\codeigniter4\framework\system\Model.php on line 800
#0 C:\xampp\htdocs\ordem\vendor\codeigniter4\framework\system\Model.php(800): CodeIgniter\Database\BaseBuilder->like('nome', NULL)
#1 C:\xampp\htdocs\ordem\app\Controllers\Ordens.php(87): CodeIgniter\Model->__call('like', Array)
#2 C:\xampp\htdocs\ordem\vendor\codeigniter4\framework\system\CodeIgniter.php(928): App\Controllers\Ordens->buscaClientes()
#3 C:\xampp\htdocs\ordem\vendor\codeigniter4\framework\system\CodeIgniter.php(436): CodeIgniter\CodeIgniter->runController(Object(App\Controllers\Ordens))
#4 C:\xampp\htdocs\ordem\vendor\codeigniter4\framework\system\CodeIgniter.php(336): CodeIgniter\CodeIgniter->handleRequest(NULL, Object(Config\Cache), false)
#5 C:\xampp\htdocs\ordem\public\index.php(37): CodeIgniter\CodeIgniter->run()
#6 C:\xampp\htdocs\ordem\vendor\codeigniter4\framework\system\Commands\Server\rewrite.php(45): require_once('C:\\xampp\\htdocs...')
#7 {main}
CRITICAL - 2021-09-06 18:42:50 --> A ação que você requisitou não é permitida.
#0 C:\xampp\htdocs\ordem\vendor\codeigniter4\framework\system\Security\Security.php(240): CodeIgniter\Security\Exceptions\SecurityException::forDisallowedAction()
#1 C:\xampp\htdocs\ordem\vendor\codeigniter4\framework\system\Filters\CSRF.php(57): CodeIgniter\Security\Security->verify(Object(CodeIgniter\HTTP\IncomingRequest))
#2 C:\xampp\htdocs\ordem\vendor\codeigniter4\framework\system\Filters\Filters.php(181): CodeIgniter\Filters\CSRF->before(Object(CodeIgniter\HTTP\IncomingRequest), NULL)
#3 C:\xampp\htdocs\ordem\vendor\codeigniter4\framework\system\CodeIgniter.php(407): CodeIgniter\Filters\Filters->run('ordens/cadastra...', 'before')
#4 C:\xampp\htdocs\ordem\vendor\codeigniter4\framework\system\CodeIgniter.php(336): CodeIgniter\CodeIgniter->handleRequest(NULL, Object(Config\Cache), false)
#5 C:\xampp\htdocs\ordem\public\index.php(37): CodeIgniter\CodeIgniter->run()
#6 C:\xampp\htdocs\ordem\vendor\codeigniter4\framework\system\Commands\Server\rewrite.php(45): require_once('C:\\xampp\\htdocs...')
#7 {main}
