ERROR - 2021-09-05 10:35:09 --> Can't create table `ordem`.`eventos` (errno: 150 "Foreign key constraint is incorrectly formed")
CRITICAL - 2021-09-05 14:22:14 --> Argument 1 passed to App\Controllers\ContasPagar::exibir() must be of the type int or null, string given, called in C:\xampp\htdocs\ordem\vendor\codeigniter4\framework\system\CodeIgniter.php on line 928
#0 C:\xampp\htdocs\ordem\vendor\codeigniter4\framework\system\CodeIgniter.php(928): App\Controllers\ContasPagar->exibir('undefined')
#1 C:\xampp\htdocs\ordem\vendor\codeigniter4\framework\system\CodeIgniter.php(436): CodeIgniter\CodeIgniter->runController(Object(App\Controllers\ContasPagar))
#2 C:\xampp\htdocs\ordem\vendor\codeigniter4\framework\system\CodeIgniter.php(336): CodeIgniter\CodeIgniter->handleRequest(NULL, Object(Config\Cache), false)
#3 C:\xampp\htdocs\ordem\public\index.php(37): CodeIgniter\CodeIgniter->run()
#4 C:\xampp\htdocs\ordem\vendor\codeigniter4\framework\system\Commands\Server\rewrite.php(45): require_once('C:\\xampp\\htdocs...')
#5 {main}
CRITICAL - 2021-09-05 14:24:03 --> Argument 1 passed to App\Controllers\ContasPagar::exibir() must be of the type int or null, string given, called in C:\xampp\htdocs\ordem\vendor\codeigniter4\framework\system\CodeIgniter.php on line 928
#0 C:\xampp\htdocs\ordem\vendor\codeigniter4\framework\system\CodeIgniter.php(928): App\Controllers\ContasPagar->exibir('undefined')
#1 C:\xampp\htdocs\ordem\vendor\codeigniter4\framework\system\CodeIgniter.php(436): CodeIgniter\CodeIgniter->runController(Object(App\Controllers\ContasPagar))
#2 C:\xampp\htdocs\ordem\vendor\codeigniter4\framework\system\CodeIgniter.php(336): CodeIgniter\CodeIgniter->handleRequest(NULL, Object(Config\Cache), false)
#3 C:\xampp\htdocs\ordem\public\index.php(37): CodeIgniter\CodeIgniter->run()
#4 C:\xampp\htdocs\ordem\vendor\codeigniter4\framework\system\Commands\Server\rewrite.php(45): require_once('C:\\xampp\\htdocs...')
#5 {main}
CRITICAL - 2021-09-05 14:26:01 --> Argument 1 passed to App\Controllers\ContasPagar::exibir() must be of the type int or null, string given, called in C:\xampp\htdocs\ordem\vendor\codeigniter4\framework\system\CodeIgniter.php on line 928
#0 C:\xampp\htdocs\ordem\vendor\codeigniter4\framework\system\CodeIgniter.php(928): App\Controllers\ContasPagar->exibir('undefined')
#1 C:\xampp\htdocs\ordem\vendor\codeigniter4\framework\system\CodeIgniter.php(436): CodeIgniter\CodeIgniter->runController(Object(App\Controllers\ContasPagar))
#2 C:\xampp\htdocs\ordem\vendor\codeigniter4\framework\system\CodeIgniter.php(336): CodeIgniter\CodeIgniter->handleRequest(NULL, Object(Config\Cache), false)
#3 C:\xampp\htdocs\ordem\public\index.php(37): CodeIgniter\CodeIgniter->run()
#4 C:\xampp\htdocs\ordem\vendor\codeigniter4\framework\system\Commands\Server\rewrite.php(45): require_once('C:\\xampp\\htdocs...')
#5 {main}
CRITICAL - 2021-09-05 14:26:41 --> Trying to get property 'razao' of non-object
#0 C:\xampp\htdocs\ordem\app\Controllers\ContasPagar.php(92): CodeIgniter\Debug\Exceptions->errorHandler(8, 'Trying to get p...', 'C:\\xampp\\htdocs...', 92, Array)
#1 C:\xampp\htdocs\ordem\vendor\codeigniter4\framework\system\CodeIgniter.php(928): App\Controllers\ContasPagar->cadastrar()
#2 C:\xampp\htdocs\ordem\vendor\codeigniter4\framework\system\CodeIgniter.php(436): CodeIgniter\CodeIgniter->runController(Object(App\Controllers\ContasPagar))
#3 C:\xampp\htdocs\ordem\vendor\codeigniter4\framework\system\CodeIgniter.php(336): CodeIgniter\CodeIgniter->handleRequest(NULL, Object(Config\Cache), false)
#4 C:\xampp\htdocs\ordem\public\index.php(37): CodeIgniter\CodeIgniter->run()
#5 C:\xampp\htdocs\ordem\vendor\codeigniter4\framework\system\Commands\Server\rewrite.php(45): require_once('C:\\xampp\\htdocs...')
#6 {main}
CRITICAL - 2021-09-05 14:29:22 --> A ação que você requisitou não é permitida.
#0 C:\xampp\htdocs\ordem\vendor\codeigniter4\framework\system\Security\Security.php(240): CodeIgniter\Security\Exceptions\SecurityException::forDisallowedAction()
#1 C:\xampp\htdocs\ordem\vendor\codeigniter4\framework\system\Filters\CSRF.php(57): CodeIgniter\Security\Security->verify(Object(CodeIgniter\HTTP\IncomingRequest))
#2 C:\xampp\htdocs\ordem\vendor\codeigniter4\framework\system\Filters\Filters.php(181): CodeIgniter\Filters\CSRF->before(Object(CodeIgniter\HTTP\IncomingRequest), NULL)
#3 C:\xampp\htdocs\ordem\vendor\codeigniter4\framework\system\CodeIgniter.php(407): CodeIgniter\Filters\Filters->run('contas/cadastra...', 'before')
#4 C:\xampp\htdocs\ordem\vendor\codeigniter4\framework\system\CodeIgniter.php(336): CodeIgniter\CodeIgniter->handleRequest(NULL, Object(Config\Cache), false)
#5 C:\xampp\htdocs\ordem\public\index.php(37): CodeIgniter\CodeIgniter->run()
#6 C:\xampp\htdocs\ordem\vendor\codeigniter4\framework\system\Commands\Server\rewrite.php(45): require_once('C:\\xampp\\htdocs...')
#7 {main}
CRITICAL - 2021-09-05 14:29:38 --> Argument 1 passed to App\Controllers\ContasPagar::exibir() must be of the type int or null, string given, called in C:\xampp\htdocs\ordem\vendor\codeigniter4\framework\system\CodeIgniter.php on line 928
#0 C:\xampp\htdocs\ordem\vendor\codeigniter4\framework\system\CodeIgniter.php(928): App\Controllers\ContasPagar->exibir('undefined')
#1 C:\xampp\htdocs\ordem\vendor\codeigniter4\framework\system\CodeIgniter.php(436): CodeIgniter\CodeIgniter->runController(Object(App\Controllers\ContasPagar))
#2 C:\xampp\htdocs\ordem\vendor\codeigniter4\framework\system\CodeIgniter.php(336): CodeIgniter\CodeIgniter->handleRequest(NULL, Object(Config\Cache), false)
#3 C:\xampp\htdocs\ordem\public\index.php(37): CodeIgniter\CodeIgniter->run()
#4 C:\xampp\htdocs\ordem\vendor\codeigniter4\framework\system\Commands\Server\rewrite.php(45): require_once('C:\\xampp\\htdocs...')
#5 {main}
CRITICAL - 2021-09-05 14:30:08 --> Argument 1 passed to App\Controllers\ContasPagar::exibir() must be of the type int or null, string given, called in C:\xampp\htdocs\ordem\vendor\codeigniter4\framework\system\CodeIgniter.php on line 928
#0 C:\xampp\htdocs\ordem\vendor\codeigniter4\framework\system\CodeIgniter.php(928): App\Controllers\ContasPagar->exibir('undefined')
#1 C:\xampp\htdocs\ordem\vendor\codeigniter4\framework\system\CodeIgniter.php(436): CodeIgniter\CodeIgniter->runController(Object(App\Controllers\ContasPagar))
#2 C:\xampp\htdocs\ordem\vendor\codeigniter4\framework\system\CodeIgniter.php(336): CodeIgniter\CodeIgniter->handleRequest(NULL, Object(Config\Cache), false)
#3 C:\xampp\htdocs\ordem\public\index.php(37): CodeIgniter\CodeIgniter->run()
#4 C:\xampp\htdocs\ordem\vendor\codeigniter4\framework\system\Commands\Server\rewrite.php(45): require_once('C:\\xampp\\htdocs...')
#5 {main}
CRITICAL - 2021-09-05 16:33:24 --> Undefined property: App\Controllers\FormasPagamentos::$formaModel
#0 C:\xampp\htdocs\ordem\app\Controllers\FormasPagamentos.php(76): CodeIgniter\Debug\Exceptions->errorHandler(8, 'Undefined prope...', 'C:\\xampp\\htdocs...', 76, Array)
#1 C:\xampp\htdocs\ordem\app\Controllers\FormasPagamentos.php(60): App\Controllers\FormasPagamentos->buscaFormaOu404(1)
#2 C:\xampp\htdocs\ordem\vendor\codeigniter4\framework\system\CodeIgniter.php(928): App\Controllers\FormasPagamentos->exibir(1)
#3 C:\xampp\htdocs\ordem\vendor\codeigniter4\framework\system\CodeIgniter.php(436): CodeIgniter\CodeIgniter->runController(Object(App\Controllers\FormasPagamentos))
#4 C:\xampp\htdocs\ordem\vendor\codeigniter4\framework\system\CodeIgniter.php(336): CodeIgniter\CodeIgniter->handleRequest(NULL, Object(Config\Cache), false)
#5 C:\xampp\htdocs\ordem\public\index.php(37): CodeIgniter\CodeIgniter->run()
#6 C:\xampp\htdocs\ordem\vendor\codeigniter4\framework\system\Commands\Server\rewrite.php(45): require_once('C:\\xampp\\htdocs...')
#7 {main}
ERROR - 2021-09-05 18:36:46 --> Table 'ordem.odens' doesn't exist
