CRITICAL - 2021-07-31 16:01:01 --> Argument 1 passed to App\Controllers\Usuarios::exibir() must be of the type int or null, string given, called in C:\xampp\htdocs\ordem\vendor\codeigniter4\framework\system\CodeIgniter.php on line 928
#0 C:\xampp\htdocs\ordem\vendor\codeigniter4\framework\system\CodeIgniter.php(928): App\Controllers\Usuarios->exibir('img', 'avatar-3.jpg')
#1 C:\xampp\htdocs\ordem\vendor\codeigniter4\framework\system\CodeIgniter.php(436): CodeIgniter\CodeIgniter->runController(Object(App\Controllers\Usuarios))
#2 C:\xampp\htdocs\ordem\vendor\codeigniter4\framework\system\CodeIgniter.php(336): CodeIgniter\CodeIgniter->handleRequest(NULL, Object(Config\Cache), false)
#3 C:\xampp\htdocs\ordem\public\index.php(37): CodeIgniter\CodeIgniter->run()
#4 C:\xampp\htdocs\ordem\vendor\codeigniter4\framework\system\Commands\Server\rewrite.php(45): require_once('C:\\xampp\\htdocs...')
#5 {main}
CRITICAL - 2021-07-31 16:01:01 --> Argument 1 passed to App\Controllers\Usuarios::exibir() must be of the type int or null, string given, called in C:\xampp\htdocs\ordem\vendor\codeigniter4\framework\system\CodeIgniter.php on line 928
#0 C:\xampp\htdocs\ordem\vendor\codeigniter4\framework\system\CodeIgniter.php(928): App\Controllers\Usuarios->exibir('img', 'avatar-2.jpg')
#1 C:\xampp\htdocs\ordem\vendor\codeigniter4\framework\system\CodeIgniter.php(436): CodeIgniter\CodeIgniter->runController(Object(App\Controllers\Usuarios))
#2 C:\xampp\htdocs\ordem\vendor\codeigniter4\framework\system\CodeIgniter.php(336): CodeIgniter\CodeIgniter->handleRequest(NULL, Object(Config\Cache), false)
#3 C:\xampp\htdocs\ordem\public\index.php(37): CodeIgniter\CodeIgniter->run()
#4 C:\xampp\htdocs\ordem\vendor\codeigniter4\framework\system\Commands\Server\rewrite.php(45): require_once('C:\\xampp\\htdocs...')
#5 {main}
CRITICAL - 2021-07-31 16:01:01 --> Argument 1 passed to App\Controllers\Usuarios::exibir() must be of the type int or null, string given, called in C:\xampp\htdocs\ordem\vendor\codeigniter4\framework\system\CodeIgniter.php on line 928
#0 C:\xampp\htdocs\ordem\vendor\codeigniter4\framework\system\CodeIgniter.php(928): App\Controllers\Usuarios->exibir('img', 'avatar-1.jpg')
#1 C:\xampp\htdocs\ordem\vendor\codeigniter4\framework\system\CodeIgniter.php(436): CodeIgniter\CodeIgniter->runController(Object(App\Controllers\Usuarios))
#2 C:\xampp\htdocs\ordem\vendor\codeigniter4\framework\system\CodeIgniter.php(336): CodeIgniter\CodeIgniter->handleRequest(NULL, Object(Config\Cache), false)
#3 C:\xampp\htdocs\ordem\public\index.php(37): CodeIgniter\CodeIgniter->run()
#4 C:\xampp\htdocs\ordem\vendor\codeigniter4\framework\system\Commands\Server\rewrite.php(45): require_once('C:\\xampp\\htdocs...')
#5 {main}
CRITICAL - 2021-07-31 16:01:01 --> Argument 1 passed to App\Controllers\Usuarios::exibir() must be of the type int or null, string given, called in C:\xampp\htdocs\ordem\vendor\codeigniter4\framework\system\CodeIgniter.php on line 928
#0 C:\xampp\htdocs\ordem\vendor\codeigniter4\framework\system\CodeIgniter.php(928): App\Controllers\Usuarios->exibir('img', 'avatar-5.jpg')
#1 C:\xampp\htdocs\ordem\vendor\codeigniter4\framework\system\CodeIgniter.php(436): CodeIgniter\CodeIgniter->runController(Object(App\Controllers\Usuarios))
#2 C:\xampp\htdocs\ordem\vendor\codeigniter4\framework\system\CodeIgniter.php(336): CodeIgniter\CodeIgniter->handleRequest(NULL, Object(Config\Cache), false)
#3 C:\xampp\htdocs\ordem\public\index.php(37): CodeIgniter\CodeIgniter->run()
#4 C:\xampp\htdocs\ordem\vendor\codeigniter4\framework\system\Commands\Server\rewrite.php(45): require_once('C:\\xampp\\htdocs...')
#5 {main}
CRITICAL - 2021-07-31 16:01:01 --> Argument 1 passed to App\Controllers\Usuarios::exibir() must be of the type int or null, string given, called in C:\xampp\htdocs\ordem\vendor\codeigniter4\framework\system\CodeIgniter.php on line 928
#0 C:\xampp\htdocs\ordem\vendor\codeigniter4\framework\system\CodeIgniter.php(928): App\Controllers\Usuarios->exibir('img', 'flags', '16', 'GB.png')
#1 C:\xampp\htdocs\ordem\vendor\codeigniter4\framework\system\CodeIgniter.php(436): CodeIgniter\CodeIgniter->runController(Object(App\Controllers\Usuarios))
#2 C:\xampp\htdocs\ordem\vendor\codeigniter4\framework\system\CodeIgniter.php(336): CodeIgniter\CodeIgniter->handleRequest(NULL, Object(Config\Cache), false)
#3 C:\xampp\htdocs\ordem\public\index.php(37): CodeIgniter\CodeIgniter->run()
#4 C:\xampp\htdocs\ordem\vendor\codeigniter4\framework\system\Commands\Server\rewrite.php(45): require_once('C:\\xampp\\htdocs...')
#5 {main}
CRITICAL - 2021-07-31 16:01:02 --> Argument 1 passed to App\Controllers\Usuarios::exibir() must be of the type int or null, string given, called in C:\xampp\htdocs\ordem\vendor\codeigniter4\framework\system\CodeIgniter.php on line 928
#0 C:\xampp\htdocs\ordem\vendor\codeigniter4\framework\system\CodeIgniter.php(928): App\Controllers\Usuarios->exibir('img', 'avatar-6.jpg')
#1 C:\xampp\htdocs\ordem\vendor\codeigniter4\framework\system\CodeIgniter.php(436): CodeIgniter\CodeIgniter->runController(Object(App\Controllers\Usuarios))
#2 C:\xampp\htdocs\ordem\vendor\codeigniter4\framework\system\CodeIgniter.php(336): CodeIgniter\CodeIgniter->handleRequest(NULL, Object(Config\Cache), false)
#3 C:\xampp\htdocs\ordem\public\index.php(37): CodeIgniter\CodeIgniter->run()
#4 C:\xampp\htdocs\ordem\vendor\codeigniter4\framework\system\Commands\Server\rewrite.php(45): require_once('C:\\xampp\\htdocs...')
#5 {main}
CRITICAL - 2021-07-31 16:01:02 --> Argument 1 passed to App\Controllers\Usuarios::exibir() must be of the type int or null, string given, called in C:\xampp\htdocs\ordem\vendor\codeigniter4\framework\system\CodeIgniter.php on line 928
#0 C:\xampp\htdocs\ordem\vendor\codeigniter4\framework\system\CodeIgniter.php(928): App\Controllers\Usuarios->exibir('img', 'flags', '16', 'DE.png')
#1 C:\xampp\htdocs\ordem\vendor\codeigniter4\framework\system\CodeIgniter.php(436): CodeIgniter\CodeIgniter->runController(Object(App\Controllers\Usuarios))
#2 C:\xampp\htdocs\ordem\vendor\codeigniter4\framework\system\CodeIgniter.php(336): CodeIgniter\CodeIgniter->handleRequest(NULL, Object(Config\Cache), false)
#3 C:\xampp\htdocs\ordem\public\index.php(37): CodeIgniter\CodeIgniter->run()
#4 C:\xampp\htdocs\ordem\vendor\codeigniter4\framework\system\Commands\Server\rewrite.php(45): require_once('C:\\xampp\\htdocs...')
#5 {main}
CRITICAL - 2021-07-31 16:01:03 --> Argument 1 passed to App\Controllers\Usuarios::exibir() must be of the type int or null, string given, called in C:\xampp\htdocs\ordem\vendor\codeigniter4\framework\system\CodeIgniter.php on line 928
#0 C:\xampp\htdocs\ordem\vendor\codeigniter4\framework\system\CodeIgniter.php(928): App\Controllers\Usuarios->exibir('img', 'flags', '16', 'FR.png')
#1 C:\xampp\htdocs\ordem\vendor\codeigniter4\framework\system\CodeIgniter.php(436): CodeIgniter\CodeIgniter->runController(Object(App\Controllers\Usuarios))
#2 C:\xampp\htdocs\ordem\vendor\codeigniter4\framework\system\CodeIgniter.php(336): CodeIgniter\CodeIgniter->handleRequest(NULL, Object(Config\Cache), false)
#3 C:\xampp\htdocs\ordem\public\index.php(37): CodeIgniter\CodeIgniter->run()
#4 C:\xampp\htdocs\ordem\vendor\codeigniter4\framework\system\Commands\Server\rewrite.php(45): require_once('C:\\xampp\\htdocs...')
#5 {main}
CRITICAL - 2021-07-31 16:01:05 --> Argument 1 passed to App\Controllers\Usuarios::editarImagem() must be of the type int or null, string given, called in C:\xampp\htdocs\ordem\vendor\codeigniter4\framework\system\CodeIgniter.php on line 928
#0 C:\xampp\htdocs\ordem\vendor\codeigniter4\framework\system\CodeIgniter.php(928): App\Controllers\Usuarios->editarImagem('img', 'avatar-3.jpg')
#1 C:\xampp\htdocs\ordem\vendor\codeigniter4\framework\system\CodeIgniter.php(436): CodeIgniter\CodeIgniter->runController(Object(App\Controllers\Usuarios))
#2 C:\xampp\htdocs\ordem\vendor\codeigniter4\framework\system\CodeIgniter.php(336): CodeIgniter\CodeIgniter->handleRequest(NULL, Object(Config\Cache), false)
#3 C:\xampp\htdocs\ordem\public\index.php(37): CodeIgniter\CodeIgniter->run()
#4 C:\xampp\htdocs\ordem\vendor\codeigniter4\framework\system\Commands\Server\rewrite.php(45): require_once('C:\\xampp\\htdocs...')
#5 {main}
CRITICAL - 2021-07-31 16:01:05 --> Argument 1 passed to App\Controllers\Usuarios::editarImagem() must be of the type int or null, string given, called in C:\xampp\htdocs\ordem\vendor\codeigniter4\framework\system\CodeIgniter.php on line 928
#0 C:\xampp\htdocs\ordem\vendor\codeigniter4\framework\system\CodeIgniter.php(928): App\Controllers\Usuarios->editarImagem('img', 'avatar-2.jpg')
#1 C:\xampp\htdocs\ordem\vendor\codeigniter4\framework\system\CodeIgniter.php(436): CodeIgniter\CodeIgniter->runController(Object(App\Controllers\Usuarios))
#2 C:\xampp\htdocs\ordem\vendor\codeigniter4\framework\system\CodeIgniter.php(336): CodeIgniter\CodeIgniter->handleRequest(NULL, Object(Config\Cache), false)
#3 C:\xampp\htdocs\ordem\public\index.php(37): CodeIgniter\CodeIgniter->run()
#4 C:\xampp\htdocs\ordem\vendor\codeigniter4\framework\system\Commands\Server\rewrite.php(45): require_once('C:\\xampp\\htdocs...')
#5 {main}
CRITICAL - 2021-07-31 16:01:05 --> Argument 1 passed to App\Controllers\Usuarios::editarImagem() must be of the type int or null, string given, called in C:\xampp\htdocs\ordem\vendor\codeigniter4\framework\system\CodeIgniter.php on line 928
#0 C:\xampp\htdocs\ordem\vendor\codeigniter4\framework\system\CodeIgniter.php(928): App\Controllers\Usuarios->editarImagem('img', 'avatar-1.jpg')
#1 C:\xampp\htdocs\ordem\vendor\codeigniter4\framework\system\CodeIgniter.php(436): CodeIgniter\CodeIgniter->runController(Object(App\Controllers\Usuarios))
#2 C:\xampp\htdocs\ordem\vendor\codeigniter4\framework\system\CodeIgniter.php(336): CodeIgniter\CodeIgniter->handleRequest(NULL, Object(Config\Cache), false)
#3 C:\xampp\htdocs\ordem\public\index.php(37): CodeIgniter\CodeIgniter->run()
#4 C:\xampp\htdocs\ordem\vendor\codeigniter4\framework\system\Commands\Server\rewrite.php(45): require_once('C:\\xampp\\htdocs...')
#5 {main}
CRITICAL - 2021-07-31 16:01:05 --> Argument 1 passed to App\Controllers\Usuarios::editarImagem() must be of the type int or null, string given, called in C:\xampp\htdocs\ordem\vendor\codeigniter4\framework\system\CodeIgniter.php on line 928
#0 C:\xampp\htdocs\ordem\vendor\codeigniter4\framework\system\CodeIgniter.php(928): App\Controllers\Usuarios->editarImagem('img', 'avatar-5.jpg')
#1 C:\xampp\htdocs\ordem\vendor\codeigniter4\framework\system\CodeIgniter.php(436): CodeIgniter\CodeIgniter->runController(Object(App\Controllers\Usuarios))
#2 C:\xampp\htdocs\ordem\vendor\codeigniter4\framework\system\CodeIgniter.php(336): CodeIgniter\CodeIgniter->handleRequest(NULL, Object(Config\Cache), false)
#3 C:\xampp\htdocs\ordem\public\index.php(37): CodeIgniter\CodeIgniter->run()
#4 C:\xampp\htdocs\ordem\vendor\codeigniter4\framework\system\Commands\Server\rewrite.php(45): require_once('C:\\xampp\\htdocs...')
#5 {main}
CRITICAL - 2021-07-31 16:01:06 --> Argument 1 passed to App\Controllers\Usuarios::editarImagem() must be of the type int or null, string given, called in C:\xampp\htdocs\ordem\vendor\codeigniter4\framework\system\CodeIgniter.php on line 928
#0 C:\xampp\htdocs\ordem\vendor\codeigniter4\framework\system\CodeIgniter.php(928): App\Controllers\Usuarios->editarImagem('img', 'avatar-6.jpg')
#1 C:\xampp\htdocs\ordem\vendor\codeigniter4\framework\system\CodeIgniter.php(436): CodeIgniter\CodeIgniter->runController(Object(App\Controllers\Usuarios))
#2 C:\xampp\htdocs\ordem\vendor\codeigniter4\framework\system\CodeIgniter.php(336): CodeIgniter\CodeIgniter->handleRequest(NULL, Object(Config\Cache), false)
#3 C:\xampp\htdocs\ordem\public\index.php(37): CodeIgniter\CodeIgniter->run()
#4 C:\xampp\htdocs\ordem\vendor\codeigniter4\framework\system\Commands\Server\rewrite.php(45): require_once('C:\\xampp\\htdocs...')
#5 {main}
CRITICAL - 2021-07-31 16:01:06 --> Argument 1 passed to App\Controllers\Usuarios::editarImagem() must be of the type int or null, string given, called in C:\xampp\htdocs\ordem\vendor\codeigniter4\framework\system\CodeIgniter.php on line 928
#0 C:\xampp\htdocs\ordem\vendor\codeigniter4\framework\system\CodeIgniter.php(928): App\Controllers\Usuarios->editarImagem('img', 'flags', '16', 'GB.png')
#1 C:\xampp\htdocs\ordem\vendor\codeigniter4\framework\system\CodeIgniter.php(436): CodeIgniter\CodeIgniter->runController(Object(App\Controllers\Usuarios))
#2 C:\xampp\htdocs\ordem\vendor\codeigniter4\framework\system\CodeIgniter.php(336): CodeIgniter\CodeIgniter->handleRequest(NULL, Object(Config\Cache), false)
#3 C:\xampp\htdocs\ordem\public\index.php(37): CodeIgniter\CodeIgniter->run()
#4 C:\xampp\htdocs\ordem\vendor\codeigniter4\framework\system\Commands\Server\rewrite.php(45): require_once('C:\\xampp\\htdocs...')
#5 {main}
CRITICAL - 2021-07-31 16:01:06 --> Argument 1 passed to App\Controllers\Usuarios::editarImagem() must be of the type int or null, string given, called in C:\xampp\htdocs\ordem\vendor\codeigniter4\framework\system\CodeIgniter.php on line 928
#0 C:\xampp\htdocs\ordem\vendor\codeigniter4\framework\system\CodeIgniter.php(928): App\Controllers\Usuarios->editarImagem('img', 'flags', '16', 'DE.png')
#1 C:\xampp\htdocs\ordem\vendor\codeigniter4\framework\system\CodeIgniter.php(436): CodeIgniter\CodeIgniter->runController(Object(App\Controllers\Usuarios))
#2 C:\xampp\htdocs\ordem\vendor\codeigniter4\framework\system\CodeIgniter.php(336): CodeIgniter\CodeIgniter->handleRequest(NULL, Object(Config\Cache), false)
#3 C:\xampp\htdocs\ordem\public\index.php(37): CodeIgniter\CodeIgniter->run()
#4 C:\xampp\htdocs\ordem\vendor\codeigniter4\framework\system\Commands\Server\rewrite.php(45): require_once('C:\\xampp\\htdocs...')
#5 {main}
CRITICAL - 2021-07-31 16:01:07 --> Argument 1 passed to App\Controllers\Usuarios::editarImagem() must be of the type int or null, string given, called in C:\xampp\htdocs\ordem\vendor\codeigniter4\framework\system\CodeIgniter.php on line 928
#0 C:\xampp\htdocs\ordem\vendor\codeigniter4\framework\system\CodeIgniter.php(928): App\Controllers\Usuarios->editarImagem('img', 'flags', '16', 'FR.png')
#1 C:\xampp\htdocs\ordem\vendor\codeigniter4\framework\system\CodeIgniter.php(436): CodeIgniter\CodeIgniter->runController(Object(App\Controllers\Usuarios))
#2 C:\xampp\htdocs\ordem\vendor\codeigniter4\framework\system\CodeIgniter.php(336): CodeIgniter\CodeIgniter->handleRequest(NULL, Object(Config\Cache), false)
#3 C:\xampp\htdocs\ordem\public\index.php(37): CodeIgniter\CodeIgniter->run()
#4 C:\xampp\htdocs\ordem\vendor\codeigniter4\framework\system\Commands\Server\rewrite.php(45): require_once('C:\\xampp\\htdocs...')
#5 {main}
CRITICAL - 2021-07-31 16:03:15 --> Undefined variable: usuario
#0 C:\xampp\htdocs\ordem\app\Views\Usuarios\editar_senha.php(121): CodeIgniter\Debug\Exceptions->errorHandler(8, 'Undefined varia...', 'C:\\xampp\\htdocs...', 121, Array)
#1 C:\xampp\htdocs\ordem\vendor\codeigniter4\framework\system\View\View.php(230): include('C:\\xampp\\htdocs...')
#2 C:\xampp\htdocs\ordem\vendor\codeigniter4\framework\system\View\View.php(232): CodeIgniter\View\View->CodeIgniter\View\{closure}()
#3 C:\xampp\htdocs\ordem\vendor\codeigniter4\framework\system\Common.php(1271): CodeIgniter\View\View->render('Usuarios/editar...', Array, true)
#4 C:\xampp\htdocs\ordem\app\Controllers\Usuarios.php(575): view('Usuarios/editar...', Array)
#5 C:\xampp\htdocs\ordem\vendor\codeigniter4\framework\system\CodeIgniter.php(928): App\Controllers\Usuarios->editarSenha()
#6 C:\xampp\htdocs\ordem\vendor\codeigniter4\framework\system\CodeIgniter.php(436): CodeIgniter\CodeIgniter->runController(Object(App\Controllers\Usuarios))
#7 C:\xampp\htdocs\ordem\vendor\codeigniter4\framework\system\CodeIgniter.php(336): CodeIgniter\CodeIgniter->handleRequest(NULL, Object(Config\Cache), false)
#8 C:\xampp\htdocs\ordem\public\index.php(37): CodeIgniter\CodeIgniter->run()
#9 C:\xampp\htdocs\ordem\vendor\codeigniter4\framework\system\Commands\Server\rewrite.php(45): require_once('C:\\xampp\\htdocs...')
#10 {main}
CRITICAL - 2021-07-31 17:33:57 --> Arquivo inválido: Password/esqueci.php
#0 C:\xampp\htdocs\ordem\vendor\codeigniter4\framework\system\View\View.php(213): CodeIgniter\Exceptions\FrameworkException::forInvalidFile('Password/esquec...')
#1 C:\xampp\htdocs\ordem\vendor\codeigniter4\framework\system\Common.php(1271): CodeIgniter\View\View->render('Password/esquec...', Array, true)
#2 C:\xampp\htdocs\ordem\app\Controllers\Password.php(24): view('Password/esquec...', Array)
#3 C:\xampp\htdocs\ordem\vendor\codeigniter4\framework\system\CodeIgniter.php(928): App\Controllers\Password->esqueci()
#4 C:\xampp\htdocs\ordem\vendor\codeigniter4\framework\system\CodeIgniter.php(436): CodeIgniter\CodeIgniter->runController(Object(App\Controllers\Password))
#5 C:\xampp\htdocs\ordem\vendor\codeigniter4\framework\system\CodeIgniter.php(336): CodeIgniter\CodeIgniter->handleRequest(NULL, Object(Config\Cache), false)
#6 C:\xampp\htdocs\ordem\public\index.php(37): CodeIgniter\CodeIgniter->run()
#7 C:\xampp\htdocs\ordem\vendor\codeigniter4\framework\system\Commands\Server\rewrite.php(45): require_once('C:\\xampp\\htdocs...')
#8 {main}
